c:\users\prosz\desktop\kalkulator-zawansowany-master\nowy folder (2)\kalkulator\debug\vc140.pdb
c:\users\prosz\desktop\kalkulator-zawansowany-master\nowy folder (2)\kalkulator\debug\pomoc.obj
c:\users\prosz\desktop\kalkulator-zawansowany-master\nowy folder (2)\kalkulator\debug\plansza.obj
c:\users\prosz\desktop\kalkulator-zawansowany-master\nowy folder (2)\kalkulator\debug\jednostki.obj
c:\users\prosz\onedrive\dokumenty\visual studio 2015\projects\kalkulator\kalkulator\debug\kalkulator.plansza.resources
c:\users\prosz\onedrive\dokumenty\visual studio 2015\projects\kalkulator\kalkulator\debug\kalkulator.pomoc.resources
c:\users\prosz\onedrive\dokumenty\visual studio 2015\projects\kalkulator\kalkulator\debug\kalkulator.jednostki.resources
c:\users\prosz\desktop\kalkulator-zawansowany-master\nowy folder (2)\kalkulator\debug\kalkulator.jednostki.resources
c:\users\prosz\desktop\kalkulator-zawansowany-master\nowy folder (2)\kalkulator\debug\kalkulator.plansza.resources
c:\users\prosz\desktop\kalkulator-zawansowany-master\nowy folder (2)\kalkulator\debug\kalkulator.pomoc.resources
c:\users\prosz\desktop\kalkulator-zawansowany-master\nowy folder (2)\kalkulator\debug\kalkulator.wykres.resources
c:\users\prosz\desktop\kalkulator-zawansowany-master\nowy folder (2)\debug\kalkulator.exe
c:\users\prosz\desktop\kalkulator-zawansowany-master\nowy folder (2)\debug\kalkulator.pdb
c:\users\prosz\desktop\kalkulator-zawansowany-master\nowy folder (2)\kalkulator\debug\kalkulator.vcxproj.generateresource.cache
c:\users\prosz\desktop\kalkulator-zawansowany-master\nowy folder (2)\kalkulator\debug\kalkulator.vcxprojresolveassemblyreference.cache
c:\users\prosz\desktop\kalkulator-zawansowany-master\nowy folder (2)\kalkulator\debug\.netframework,version=v4.5.2.assemblyattributes.obj
c:\users\prosz\desktop\kalkulator-zawansowany-master\nowy folder (2)\kalkulator\debug\wykres.obj
c:\users\prosz\desktop\kalkulator-zawansowany-master\nowy folder (2)\kalkulator\debug\kalkulator.tlog\cl.command.1.tlog
c:\users\prosz\desktop\kalkulator-zawansowany-master\nowy folder (2)\kalkulator\debug\kalkulator.tlog\cl.read.1.tlog
c:\users\prosz\desktop\kalkulator-zawansowany-master\nowy folder (2)\kalkulator\debug\kalkulator.tlog\cl.write.1.tlog
c:\users\prosz\desktop\kalkulator-zawansowany-master\nowy folder (2)\kalkulator\debug\kalkulator.tlog\kalkulator.write.1u.tlog
c:\users\prosz\desktop\kalkulator-zawansowany-master\nowy folder (2)\kalkulator\debug\kalkulator.tlog\link.command.1.tlog
c:\users\prosz\desktop\kalkulator-zawansowany-master\nowy folder (2)\kalkulator\debug\kalkulator.tlog\link.read.1.tlog
c:\users\prosz\desktop\kalkulator-zawansowany-master\nowy folder (2)\kalkulator\debug\kalkulator.tlog\link.write.1.tlog
c:\users\prosz\desktop\kalkulator-zawansowany-master\nowy folder (2)\kalkulator\debug\kalkulator.tlog\metagen.read.1.tlog
c:\users\prosz\desktop\kalkulator-zawansowany-master\nowy folder (2)\kalkulator\debug\kalkulator.tlog\metagen.write.1.tlog
c:\users\prosz\desktop\kalkulator-zawansowany-master\nowy folder (2)\kalkulator\debug\kalkulator.tlog\tzres.dll.bi
